# JRE version: OpenJDK Runtime Environment Temurin-17.0.9+9 (17.0.9+9) (build 17.0.9+9)
# Java VM: OpenJDK 64-Bit Server VM Temurin-17.0.9+9 (17.0.9+9, mixed mode, tiered, compressed oops, compressed class ptrs, parallel gc, windows-amd64)
GC Precious Log:
 CPUs: 8 total, 8 available
 Memory: 7103M
 Large Page Support: Disabled
 NUMA Support: Disabled
 Compressed Oops: Enabled (32-bit)
 Alignments: Space 512K, Generation 512K, Heap 2M
 Heap Min Capacity: 100M
 Heap Initial Capacity: 100M
 Heap Max Capacity: 1G
 Pre-touch: Disabled
 Parallel Workers: 8
Heap:
 PSYoungGen      total 4096K, used 468K [0x00000000eab00000, 0x00000000eb080000, 0x0000000100000000)
  eden space 3584K, 1% used [0x00000000eab00000,0x00000000eab0d308,0x00000000eae80000)
  from space 512K, 81% used [0x00000000eb000000,0x00000000eb068000,0x00000000eb080000)
  to   space 1024K, 0% used [0x00000000eae80000,0x00000000eae80000,0x00000000eaf80000)
 ParOldGen       total 136704K, used 121952K [0x00000000c0000000, 0x00000000c8580000, 0x00000000eab00000)
  object space 136704K, 89% used [0x00000000c0000000,0x00000000c7718308,0x00000000c8580000)
 Metaspace       used 100623K, committed 101888K, reserved 1179648K
  class space    used 10003K, committed 10560K, reserved 1048576K
GC Heap History (20 events):
Event: 3511.204 GC heap before
{Heap before GC invocations=10959 (full 276):
 PSYoungGen      total 4608K, used 4608K [0x00000000eab00000, 0x00000000eb380000, 0x0000000100000000)
  eden space 3584K, 100% used [0x00000000eab00000,0x00000000eae80000,0x00000000eae80000)
  from space 1024K, 100% used [0x00000000eaf80000,0x00000000eb080000,0x00000000eb080000)
  to   space 2560K, 0% used [0x00000000eb100000,0x00000000eb100000,0x00000000eb380000)
 ParOldGen       total 137216K, used 131884K [0x00000000c0000000, 0x00000000c8600000, 0x00000000eab00000)
  object space 137216K, 96% used [0x00000000c0000000,0x00000000c80cb038,0x00000000c8600000)
 Metaspace       used 100618K, committed 101888K, reserved 1179648K
  class space    used 10003K, committed 10560K, reserved 1048576K
}
Event: 3511.207 GC heap after
{Heap after GC invocations=10959 (full 276):
 PSYoungGen      total 4608K, used 576K [0x00000000eab00000, 0x00000000eb200000, 0x0000000100000000)
  eden space 3584K, 0% used [0x00000000eab00000,0x00000000eab00000,0x00000000eae80000)
  from space 1024K, 56% used [0x00000000eb100000,0x00000000eb190000,0x00000000eb200000)
  to   space 1536K, 0% used [0x00000000eaf00000,0x00000000eaf00000,0x00000000eb080000)
 ParOldGen       total 137216K, used 132921K [0x00000000c0000000, 0x00000000c8600000, 0x00000000eab00000)
  object space 137216K, 96% used [0x00000000c0000000,0x00000000c81ce558,0x00000000c8600000)
 Metaspace       used 100618K, committed 101888K, reserved 1179648K
  class space    used 10003K, committed 10560K, reserved 1048576K
}
Event: 3511.388 GC heap before
{Heap before GC invocations=10960 (full 276):
 PSYoungGen      total 4608K, used 4160K [0x00000000eab00000, 0x00000000eb200000, 0x0000000100000000)
  eden space 3584K, 100% used [0x00000000eab00000,0x00000000eae80000,0x00000000eae80000)
  from space 1024K, 56% used [0x00000000eb100000,0x00000000eb190000,0x00000000eb200000)
  to   space 1536K, 0% used [0x00000000eaf00000,0x00000000eaf00000,0x00000000eb080000)
 ParOldGen       total 137216K, used 132921K [0x00000000c0000000, 0x00000000c8600000, 0x00000000eab00000)
  object space 137216K, 96% used [0x00000000c0000000,0x00000000c81ce558,0x00000000c8600000)
 Metaspace       used 100623K, committed 101888K, reserved 1179648K
  class space    used 10003K, committed 10560K, reserved 1048576K
}
Event: 3511.389 GC heap after
{Heap after GC invocations=10960 (full 276):
 PSYoungGen      total 5120K, used 128K [0x00000000eab00000, 0x00000000eb180000, 0x0000000100000000)
  eden space 3584K, 0% used [0x00000000eab00000,0x00000000eab00000,0x00000000eae80000)
  from space 1536K, 8% used [0x00000000eaf00000,0x00000000eaf20000,0x00000000eb080000)
  to   space 512K, 0% used [0x00000000eb100000,0x00000000eb100000,0x00000000eb180000)
 ParOldGen       total 137216K, used 133271K [0x00000000c0000000, 0x00000000c8600000, 0x00000000eab00000)
  object space 137216K, 97% used [0x00000000c0000000,0x00000000c8225cd8,0x00000000c8600000)
 Metaspace       used 100623K, committed 101888K, reserved 1179648K
  class space    used 10003K, committed 10560K, reserved 1048576K
}
Event: 3511.406 GC heap before
{Heap before GC invocations=10961 (full 276):
 PSYoungGen      total 5120K, used 3712K [0x00000000eab00000, 0x00000000eb180000, 0x0000000100000000)
  eden space 3584K, 100% used [0x00000000eab00000,0x00000000eae80000,0x00000000eae80000)
  from space 1536K, 8% used [0x00000000eaf00000,0x00000000eaf20000,0x00000000eb080000)
  to   space 512K, 0% used [0x00000000eb100000,0x00000000eb100000,0x00000000eb180000)
 ParOldGen       total 137216K, used 133271K [0x00000000c0000000, 0x00000000c8600000, 0x00000000eab00000)
  object space 137216K, 97% used [0x00000000c0000000,0x00000000c8225cd8,0x00000000c8600000)
 Metaspace       used 100623K, committed 101888K, reserved 1179648K
  class space    used 10003K, committed 10560K, reserved 1048576K
}
Event: 3511.407 GC heap after
{Heap after GC invocations=10961 (full 276):
 PSYoungGen      total 4096K, used 512K [0x00000000eab00000, 0x00000000eb180000, 0x0000000100000000)
  eden space 3584K, 0% used [0x00000000eab00000,0x00000000eab00000,0x00000000eae80000)
  from space 512K, 100% used [0x00000000eb100000,0x00000000eb180000,0x00000000eb180000)
  to   space 1536K, 0% used [0x00000000eae80000,0x00000000eae80000,0x00000000eb000000)
 ParOldGen       total 137216K, used 133879K [0x00000000c0000000, 0x00000000c8600000, 0x00000000eab00000)
  object space 137216K, 97% used [0x00000000c0000000,0x00000000c82bdcf8,0x00000000c8600000)
 Metaspace       used 100623K, committed 101888K, reserved 1179648K
  class space    used 10003K, committed 10560K, reserved 1048576K
}
Event: 3511.789 GC heap before
{Heap before GC invocations=10962 (full 276):
 PSYoungGen      total 4096K, used 4096K [0x00000000eab00000, 0x00000000eb180000, 0x0000000100000000)
  eden space 3584K, 100% used [0x00000000eab00000,0x00000000eae80000,0x00000000eae80000)
  from space 512K, 100% used [0x00000000eb100000,0x00000000eb180000,0x00000000eb180000)
  to   space 1536K, 0% used [0x00000000eae80000,0x00000000eae80000,0x00000000eb000000)
 ParOldGen       total 137216K, used 133879K [0x00000000c0000000, 0x00000000c8600000, 0x00000000eab00000)
  object space 137216K, 97% used [0x00000000c0000000,0x00000000c82bdcf8,0x00000000c8600000)
 Metaspace       used 100623K, committed 101888K, reserved 1179648K
  class space    used 10003K, committed 10560K, reserved 1048576K
}
Event: 3511.790 GC heap after
{Heap after GC invocations=10962 (full 276):
 PSYoungGen      total 5120K, used 256K [0x00000000eab00000, 0x00000000eb180000, 0x0000000100000000)
  eden space 3584K, 0% used [0x00000000eab00000,0x00000000eab00000,0x00000000eae80000)
  from space 1536K, 16% used [0x00000000eae80000,0x00000000eaec0000,0x00000000eb000000)
  to   space 1024K, 0% used [0x00000000eb080000,0x00000000eb080000,0x00000000eb180000)
 ParOldGen       total 137216K, used 134392K [0x00000000c0000000, 0x00000000c8600000, 0x00000000eab00000)
  object space 137216K, 97% used [0x00000000c0000000,0x00000000c833e340,0x00000000c8600000)
 Metaspace       used 100623K, committed 101888K, reserved 1179648K
  class space    used 10003K, committed 10560K, reserved 1048576K
}
Event: 3511.803 GC heap before
{Heap before GC invocations=10963 (full 276):
 PSYoungGen      total 5120K, used 3840K [0x00000000eab00000, 0x00000000eb180000, 0x0000000100000000)
  eden space 3584K, 100% used [0x00000000eab00000,0x00000000eae80000,0x00000000eae80000)
  from space 1536K, 16% used [0x00000000eae80000,0x00000000eaec0000,0x00000000eb000000)
  to   space 1024K, 0% used [0x00000000eb080000,0x00000000eb080000,0x00000000eb180000)
 ParOldGen       total 137216K, used 134392K [0x00000000c0000000, 0x00000000c8600000, 0x00000000eab00000)
  object space 137216K, 97% used [0x00000000c0000000,0x00000000c833e340,0x00000000c8600000)
 Metaspace       used 100623K, committed 101888K, reserved 1179648K
  class space    used 10003K, committed 10560K, reserved 1048576K
}
Event: 3511.804 GC heap after
{Heap after GC invocations=10963 (full 276):
 PSYoungGen      total 4096K, used 448K [0x00000000eab00000, 0x00000000eb100000, 0x0000000100000000)
  eden space 3584K, 0% used [0x00000000eab00000,0x00000000eab00000,0x00000000eae80000)
  from space 512K, 87% used [0x00000000eb080000,0x00000000eb0f0000,0x00000000eb100000)
  to   space 512K, 0% used [0x00000000eb000000,0x00000000eb000000,0x00000000eb080000)
 ParOldGen       total 137216K, used 134392K [0x00000000c0000000, 0x00000000c8600000, 0x00000000eab00000)
  object space 137216K, 97% used [0x00000000c0000000,0x00000000c833e340,0x00000000c8600000)
 Metaspace       used 100623K, committed 101888K, reserved 1179648K
  class space    used 10003K, committed 10560K, reserved 1048576K
}
Event: 3511.973 GC heap before
{Heap before GC invocations=10964 (full 276):
 PSYoungGen      total 4096K, used 4032K [0x00000000eab00000, 0x00000000eb100000, 0x0000000100000000)
  eden space 3584K, 100% used [0x00000000eab00000,0x00000000eae80000,0x00000000eae80000)
  from space 512K, 87% used [0x00000000eb080000,0x00000000eb0f0000,0x00000000eb100000)
  to   space 512K, 0% used [0x00000000eb000000,0x00000000eb000000,0x00000000eb080000)
 ParOldGen       total 137216K, used 134392K [0x00000000c0000000, 0x00000000c8600000, 0x00000000eab00000)
  object space 137216K, 97% used [0x00000000c0000000,0x00000000c833e340,0x00000000c8600000)
 Metaspace       used 100623K, committed 101888K, reserved 1179648K
  class space    used 10003K, committed 10560K, reserved 1048576K
}
Event: 3511.974 GC heap after
{Heap after GC invocations=10964 (full 276):
 PSYoungGen      total 4096K, used 240K [0x00000000eab00000, 0x00000000eb100000, 0x0000000100000000)
  eden space 3584K, 0% used [0x00000000eab00000,0x00000000eab00000,0x00000000eae80000)
  from space 512K, 46% used [0x00000000eb000000,0x00000000eb03c010,0x00000000eb080000)
  to   space 512K, 0% used [0x00000000eb080000,0x00000000eb080000,0x00000000eb100000)
 ParOldGen       total 137216K, used 134432K [0x00000000c0000000, 0x00000000c8600000, 0x00000000eab00000)
  object space 137216K, 97% used [0x00000000c0000000,0x00000000c8348340,0x00000000c8600000)
 Metaspace       used 100623K, committed 101888K, reserved 1179648K
  class space    used 10003K, committed 10560K, reserved 1048576K
}
Event: 3511.984 GC heap before
{Heap before GC invocations=10965 (full 276):
 PSYoungGen      total 4096K, used 3824K [0x00000000eab00000, 0x00000000eb100000, 0x0000000100000000)
  eden space 3584K, 100% used [0x00000000eab00000,0x00000000eae80000,0x00000000eae80000)
  from space 512K, 46% used [0x00000000eb000000,0x00000000eb03c010,0x00000000eb080000)
  to   space 512K, 0% used [0x00000000eb080000,0x00000000eb080000,0x00000000eb100000)
 ParOldGen       total 137216K, used 134432K [0x00000000c0000000, 0x00000000c8600000, 0x00000000eab00000)
  object space 137216K, 97% used [0x00000000c0000000,0x00000000c8348340,0x00000000c8600000)
 Metaspace       used 100623K, committed 101888K, reserved 1179648K
  class space    used 10003K, committed 10560K, reserved 1048576K
}
Event: 3511.985 GC heap after
{Heap after GC invocations=10965 (full 276):
 PSYoungGen      total 4096K, used 512K [0x00000000eab00000, 0x00000000eb280000, 0x0000000100000000)
  eden space 3584K, 0% used [0x00000000eab00000,0x00000000eab00000,0x00000000eae80000)
  from space 512K, 100% used [0x00000000eb080000,0x00000000eb100000,0x00000000eb100000)
  to   space 2048K, 0% used [0x00000000eae80000,0x00000000eae80000,0x00000000eb080000)
 ParOldGen       total 137216K, used 135376K [0x00000000c0000000, 0x00000000c8600000, 0x00000000eab00000)
  object space 137216K, 98% used [0x00000000c0000000,0x00000000c8434380,0x00000000c8600000)
 Metaspace       used 100623K, committed 101888K, reserved 1179648K
  class space    used 10003K, committed 10560K, reserved 1048576K
}
Event: 3512.005 GC heap before
{Heap before GC invocations=10966 (full 276):
 PSYoungGen      total 4096K, used 4096K [0x00000000eab00000, 0x00000000eb280000, 0x0000000100000000)
  eden space 3584K, 100% used [0x00000000eab00000,0x00000000eae80000,0x00000000eae80000)
  from space 512K, 100% used [0x00000000eb080000,0x00000000eb100000,0x00000000eb100000)
  to   space 2048K, 0% used [0x00000000eae80000,0x00000000eae80000,0x00000000eb080000)
 ParOldGen       total 137216K, used 135376K [0x00000000c0000000, 0x00000000c8600000, 0x00000000eab00000)
  object space 137216K, 98% used [0x00000000c0000000,0x00000000c8434380,0x00000000c8600000)
 Metaspace       used 100623K, committed 101888K, reserved 1179648K
  class space    used 10003K, committed 10560K, reserved 1048576K
}
Event: 3512.007 GC heap after
{Heap after GC invocations=10966 (full 276):
 PSYoungGen      total 5632K, used 1632K [0x00000000eab00000, 0x00000000eb280000, 0x0000000100000000)
  eden space 3584K, 0% used [0x00000000eab00000,0x00000000eab00000,0x00000000eae80000)
  from space 2048K, 79% used [0x00000000eae80000,0x00000000eb018000,0x00000000eb080000)
  to   space 2048K, 0% used [0x00000000eb080000,0x00000000eb080000,0x00000000eb280000)
 ParOldGen       total 137216K, used 135459K [0x00000000c0000000, 0x00000000c8600000, 0x00000000eab00000)
  object space 137216K, 98% used [0x00000000c0000000,0x00000000c8448c80,0x00000000c8600000)
 Metaspace       used 100623K, committed 101888K, reserved 1179648K
  class space    used 10003K, committed 10560K, reserved 1048576K
}
Event: 3512.406 GC heap before
{Heap before GC invocations=10967 (full 276):
 PSYoungGen      total 5632K, used 5216K [0x00000000eab00000, 0x00000000eb280000, 0x0000000100000000)
  eden space 3584K, 100% used [0x00000000eab00000,0x00000000eae80000,0x00000000eae80000)
  from space 2048K, 79% used [0x00000000eae80000,0x00000000eb018000,0x00000000eb080000)
  to   space 2048K, 0% used [0x00000000eb080000,0x00000000eb080000,0x00000000eb280000)
 ParOldGen       total 137216K, used 135459K [0x00000000c0000000, 0x00000000c8600000, 0x00000000eab00000)
  object space 137216K, 98% used [0x00000000c0000000,0x00000000c8448c80,0x00000000c8600000)
 Metaspace       used 100623K, committed 101888K, reserved 1179648K
  class space    used 10003K, committed 10560K, reserved 1048576K
}
Event: 3512.408 GC heap after
{Heap after GC invocations=10967 (full 276):
 PSYoungGen      total 5120K, used 1216K [0x00000000eab00000, 0x00000000eb200000, 0x0000000100000000)
  eden space 3584K, 0% used [0x00000000eab00000,0x00000000eab00000,0x00000000eae80000)
  from space 1536K, 79% used [0x00000000eb080000,0x00000000eb1b0000,0x00000000eb200000)
  to   space 1536K, 0% used [0x00000000eaf00000,0x00000000eaf00000,0x00000000eb080000)
 ParOldGen       total 137216K, used 136983K [0x00000000c0000000, 0x00000000c8600000, 0x00000000eab00000)
  object space 137216K, 99% used [0x00000000c0000000,0x00000000c85c5ea0,0x00000000c8600000)
 Metaspace       used 100623K, committed 101888K, reserved 1179648K
  class space    used 10003K, committed 10560K, reserved 1048576K
}
Event: 3512.408 GC heap before
{Heap before GC invocations=10968 (full 277):
 PSYoungGen      total 5120K, used 1216K [0x00000000eab00000, 0x00000000eb200000, 0x0000000100000000)
  eden space 3584K, 0% used [0x00000000eab00000,0x00000000eab00000,0x00000000eae80000)
  from space 1536K, 79% used [0x00000000eb080000,0x00000000eb1b0000,0x00000000eb200000)
  to   space 1536K, 0% used [0x00000000eaf00000,0x00000000eaf00000,0x00000000eb080000)
 ParOldGen       total 137216K, used 136983K [0x00000000c0000000, 0x00000000c8600000, 0x00000000eab00000)
  object space 137216K, 99% used [0x00000000c0000000,0x00000000c85c5ea0,0x00000000c8600000)
 Metaspace       used 100623K, committed 101888K, reserved 1179648K
  class space    used 10003K, committed 10560K, reserved 1048576K
}
Event: 3512.575 GC heap after
{Heap after GC invocations=10968 (full 277):
 PSYoungGen      total 4096K, used 0K [0x00000000eab00000, 0x00000000eb180000, 0x0000000100000000)
  eden space 3584K, 0% used [0x00000000eab00000,0x00000000eab00000,0x00000000eae80000)
  from space 512K, 0% used [0x00000000eaf00000,0x00000000eaf00000,0x00000000eaf80000)
  to   space 1536K, 0% used [0x00000000eb000000,0x00000000eb000000,0x00000000eb180000)
 ParOldGen       total 136704K, used 121952K [0x00000000c0000000, 0x00000000c8580000, 0x00000000eab00000)
  object space 136704K, 89% used [0x00000000c0000000,0x00000000c7718308,0x00000000c8580000)
 Metaspace       used 100623K, committed 101888K, reserved 1179648K
  class space    used 10003K, committed 10560K, reserved 1048576K
}

