# JRE version: OpenJDK Runtime Environment Temurin-17.0.9+9 (17.0.9+9) (build 17.0.9+9)
# Java VM: OpenJDK 64-Bit Server VM Temurin-17.0.9+9 (17.0.9+9, mixed mode, tiered, compressed oops, compressed class ptrs, parallel gc, windows-amd64)
GC Precious Log:
 CPUs: 8 total, 8 available
 Memory: 7103M
 Large Page Support: Disabled
 NUMA Support: Disabled
 Compressed Oops: Enabled (32-bit)
 Alignments: Space 512K, Generation 512K, Heap 2M
 Heap Min Capacity: 100M
 Heap Initial Capacity: 100M
 Heap Max Capacity: 1G
 Pre-touch: Disabled
 Parallel Workers: 8
Heap:
 PSYoungGen      total 23552K, used 5385K [0x00000000eab00000, 0x00000000ec580000, 0x0000000100000000)
  eden space 20992K, 15% used [0x00000000eab00000,0x00000000eae32668,0x00000000ebf80000)
  from space 2560K, 82% used [0x00000000ebf80000,0x00000000ec190020,0x00000000ec200000)
  to   space 3072K, 0% used [0x00000000ec280000,0x00000000ec280000,0x00000000ec580000)
 ParOldGen       total 68608K, used 20473K [0x00000000c0000000, 0x00000000c4300000, 0x00000000eab00000)
  object space 68608K, 29% used [0x00000000c0000000,0x00000000c13fe778,0x00000000c4300000)
 Metaspace       used 51352K, committed 52288K, reserved 1114112K
  class space    used 5539K, committed 5952K, reserved 1048576K
GC Heap History (20 events):
Event: 11.847 GC heap before
{Heap before GC invocations=9 (full 1):
 PSYoungGen      total 27648K, used 27628K [0x00000000eab00000, 0x00000000ecc00000, 0x0000000100000000)
  eden space 24576K, 100% used [0x00000000eab00000,0x00000000ec300000,0x00000000ec300000)
  from space 3072K, 99% used [0x00000000ec480000,0x00000000ec77b148,0x00000000ec780000)
  to   space 4608K, 0% used [0x00000000ec780000,0x00000000ec780000,0x00000000ecc00000)
 ParOldGen       total 68608K, used 11539K [0x00000000c0000000, 0x00000000c4300000, 0x00000000eab00000)
  object space 68608K, 16% used [0x00000000c0000000,0x00000000c0b44ed0,0x00000000c4300000)
 Metaspace       used 30645K, committed 31296K, reserved 1114112K
  class space    used 3014K, committed 3264K, reserved 1048576K
}
Event: 11.850 GC heap after
{Heap after GC invocations=9 (full 1):
 PSYoungGen      total 27648K, used 3199K [0x00000000eab00000, 0x00000000ecb00000, 0x0000000100000000)
  eden space 24064K, 0% used [0x00000000eab00000,0x00000000eab00000,0x00000000ec280000)
  from space 3584K, 89% used [0x00000000ec780000,0x00000000eca9fd78,0x00000000ecb00000)
  to   space 3584K, 0% used [0x00000000ec400000,0x00000000ec400000,0x00000000ec780000)
 ParOldGen       total 68608K, used 11539K [0x00000000c0000000, 0x00000000c4300000, 0x00000000eab00000)
  object space 68608K, 16% used [0x00000000c0000000,0x00000000c0b44ed0,0x00000000c4300000)
 Metaspace       used 30645K, committed 31296K, reserved 1114112K
  class space    used 3014K, committed 3264K, reserved 1048576K
}
Event: 12.265 GC heap before
{Heap before GC invocations=10 (full 1):
 PSYoungGen      total 27648K, used 27263K [0x00000000eab00000, 0x00000000ecb00000, 0x0000000100000000)
  eden space 24064K, 100% used [0x00000000eab00000,0x00000000ec280000,0x00000000ec280000)
  from space 3584K, 89% used [0x00000000ec780000,0x00000000eca9fd78,0x00000000ecb00000)
  to   space 3584K, 0% used [0x00000000ec400000,0x00000000ec400000,0x00000000ec780000)
 ParOldGen       total 68608K, used 11539K [0x00000000c0000000, 0x00000000c4300000, 0x00000000eab00000)
  object space 68608K, 16% used [0x00000000c0000000,0x00000000c0b44ed0,0x00000000c4300000)
 Metaspace       used 33028K, committed 33664K, reserved 1114112K
  class space    used 3217K, committed 3520K, reserved 1048576K
}
Event: 12.268 GC heap after
{Heap after GC invocations=10 (full 1):
 PSYoungGen      total 26624K, used 2581K [0x00000000eab00000, 0x00000000ec800000, 0x0000000100000000)
  eden space 23552K, 0% used [0x00000000eab00000,0x00000000eab00000,0x00000000ec200000)
  from space 3072K, 84% used [0x00000000ec400000,0x00000000ec685628,0x00000000ec700000)
  to   space 1024K, 0% used [0x00000000ec700000,0x00000000ec700000,0x00000000ec800000)
 ParOldGen       total 68608K, used 12572K [0x00000000c0000000, 0x00000000c4300000, 0x00000000eab00000)
  object space 68608K, 18% used [0x00000000c0000000,0x00000000c0c471c0,0x00000000c4300000)
 Metaspace       used 33028K, committed 33664K, reserved 1114112K
  class space    used 3217K, committed 3520K, reserved 1048576K
}
Event: 12.852 GC heap before
{Heap before GC invocations=11 (full 1):
 PSYoungGen      total 26624K, used 17989K [0x00000000eab00000, 0x00000000ec800000, 0x0000000100000000)
  eden space 23552K, 65% used [0x00000000eab00000,0x00000000eba0bf80,0x00000000ec200000)
  from space 3072K, 84% used [0x00000000ec400000,0x00000000ec685628,0x00000000ec700000)
  to   space 1024K, 0% used [0x00000000ec700000,0x00000000ec700000,0x00000000ec800000)
 ParOldGen       total 68608K, used 12572K [0x00000000c0000000, 0x00000000c4300000, 0x00000000eab00000)
  object space 68608K, 18% used [0x00000000c0000000,0x00000000c0c471c0,0x00000000c4300000)
 Metaspace       used 35167K, committed 35840K, reserved 1114112K
  class space    used 3509K, committed 3840K, reserved 1048576K
}
Event: 12.855 GC heap after
{Heap after GC invocations=11 (full 1):
 PSYoungGen      total 24576K, used 1018K [0x00000000eab00000, 0x00000000ec900000, 0x0000000100000000)
  eden space 23552K, 0% used [0x00000000eab00000,0x00000000eab00000,0x00000000ec200000)
  from space 1024K, 99% used [0x00000000ec700000,0x00000000ec7fe8b8,0x00000000ec800000)
  to   space 3584K, 0% used [0x00000000ec200000,0x00000000ec200000,0x00000000ec580000)
 ParOldGen       total 68608K, used 14774K [0x00000000c0000000, 0x00000000c4300000, 0x00000000eab00000)
  object space 68608K, 21% used [0x00000000c0000000,0x00000000c0e6d990,0x00000000c4300000)
 Metaspace       used 35167K, committed 35840K, reserved 1114112K
  class space    used 3509K, committed 3840K, reserved 1048576K
}
Event: 12.855 GC heap before
{Heap before GC invocations=12 (full 2):
 PSYoungGen      total 24576K, used 1018K [0x00000000eab00000, 0x00000000ec900000, 0x0000000100000000)
  eden space 23552K, 0% used [0x00000000eab00000,0x00000000eab00000,0x00000000ec200000)
  from space 1024K, 99% used [0x00000000ec700000,0x00000000ec7fe8b8,0x00000000ec800000)
  to   space 3584K, 0% used [0x00000000ec200000,0x00000000ec200000,0x00000000ec580000)
 ParOldGen       total 68608K, used 14774K [0x00000000c0000000, 0x00000000c4300000, 0x00000000eab00000)
  object space 68608K, 21% used [0x00000000c0000000,0x00000000c0e6d990,0x00000000c4300000)
 Metaspace       used 35167K, committed 35840K, reserved 1114112K
  class space    used 3509K, committed 3840K, reserved 1048576K
}
Event: 12.897 GC heap after
{Heap after GC invocations=12 (full 2):
 PSYoungGen      total 24576K, used 0K [0x00000000eab00000, 0x00000000ec900000, 0x0000000100000000)
  eden space 23552K, 0% used [0x00000000eab00000,0x00000000eab00000,0x00000000ec200000)
  from space 1024K, 0% used [0x00000000ec700000,0x00000000ec700000,0x00000000ec800000)
  to   space 3584K, 0% used [0x00000000ec200000,0x00000000ec200000,0x00000000ec580000)
 ParOldGen       total 68608K, used 13009K [0x00000000c0000000, 0x00000000c4300000, 0x00000000eab00000)
  object space 68608K, 18% used [0x00000000c0000000,0x00000000c0cb47f8,0x00000000c4300000)
 Metaspace       used 35167K, committed 35840K, reserved 1114112K
  class space    used 3509K, committed 3840K, reserved 1048576K
}
Event: 13.550 GC heap before
{Heap before GC invocations=13 (full 2):
 PSYoungGen      total 24576K, used 23552K [0x00000000eab00000, 0x00000000ec900000, 0x0000000100000000)
  eden space 23552K, 100% used [0x00000000eab00000,0x00000000ec200000,0x00000000ec200000)
  from space 1024K, 0% used [0x00000000ec700000,0x00000000ec700000,0x00000000ec800000)
  to   space 3584K, 0% used [0x00000000ec200000,0x00000000ec200000,0x00000000ec580000)
 ParOldGen       total 68608K, used 13009K [0x00000000c0000000, 0x00000000c4300000, 0x00000000eab00000)
  object space 68608K, 18% used [0x00000000c0000000,0x00000000c0cb47f8,0x00000000c4300000)
 Metaspace       used 37576K, committed 38272K, reserved 1114112K
  class space    used 3804K, committed 4096K, reserved 1048576K
}
Event: 13.552 GC heap after
{Heap after GC invocations=13 (full 2):
 PSYoungGen      total 26624K, used 989K [0x00000000eab00000, 0x00000000ec780000, 0x0000000100000000)
  eden space 23040K, 0% used [0x00000000eab00000,0x00000000eab00000,0x00000000ec180000)
  from space 3584K, 27% used [0x00000000ec200000,0x00000000ec2f7490,0x00000000ec580000)
  to   space 2048K, 0% used [0x00000000ec580000,0x00000000ec580000,0x00000000ec780000)
 ParOldGen       total 68608K, used 13017K [0x00000000c0000000, 0x00000000c4300000, 0x00000000eab00000)
  object space 68608K, 18% used [0x00000000c0000000,0x00000000c0cb67f8,0x00000000c4300000)
 Metaspace       used 37576K, committed 38272K, reserved 1114112K
  class space    used 3804K, committed 4096K, reserved 1048576K
}
Event: 14.099 GC heap before
{Heap before GC invocations=14 (full 2):
 PSYoungGen      total 26624K, used 24029K [0x00000000eab00000, 0x00000000ec780000, 0x0000000100000000)
  eden space 23040K, 100% used [0x00000000eab00000,0x00000000ec180000,0x00000000ec180000)
  from space 3584K, 27% used [0x00000000ec200000,0x00000000ec2f7490,0x00000000ec580000)
  to   space 2048K, 0% used [0x00000000ec580000,0x00000000ec580000,0x00000000ec780000)
 ParOldGen       total 68608K, used 13017K [0x00000000c0000000, 0x00000000c4300000, 0x00000000eab00000)
  object space 68608K, 18% used [0x00000000c0000000,0x00000000c0cb67f8,0x00000000c4300000)
 Metaspace       used 40268K, committed 41088K, reserved 1114112K
  class space    used 4125K, committed 4480K, reserved 1048576K
}
Event: 14.101 GC heap after
{Heap after GC invocations=14 (full 2):
 PSYoungGen      total 24064K, used 1369K [0x00000000eab00000, 0x00000000ec700000, 0x0000000100000000)
  eden space 22528K, 0% used [0x00000000eab00000,0x00000000eab00000,0x00000000ec100000)
  from space 1536K, 89% used [0x00000000ec580000,0x00000000ec6d67d8,0x00000000ec700000)
  to   space 1536K, 0% used [0x00000000ec400000,0x00000000ec400000,0x00000000ec580000)
 ParOldGen       total 68608K, used 13839K [0x00000000c0000000, 0x00000000c4300000, 0x00000000eab00000)
  object space 68608K, 20% used [0x00000000c0000000,0x00000000c0d83ee0,0x00000000c4300000)
 Metaspace       used 40268K, committed 41088K, reserved 1114112K
  class space    used 4125K, committed 4480K, reserved 1048576K
}
Event: 14.450 GC heap before
{Heap before GC invocations=15 (full 2):
 PSYoungGen      total 24064K, used 23897K [0x00000000eab00000, 0x00000000ec700000, 0x0000000100000000)
  eden space 22528K, 100% used [0x00000000eab00000,0x00000000ec100000,0x00000000ec100000)
  from space 1536K, 89% used [0x00000000ec580000,0x00000000ec6d67d8,0x00000000ec700000)
  to   space 1536K, 0% used [0x00000000ec400000,0x00000000ec400000,0x00000000ec580000)
 ParOldGen       total 68608K, used 13839K [0x00000000c0000000, 0x00000000c4300000, 0x00000000eab00000)
  object space 68608K, 20% used [0x00000000c0000000,0x00000000c0d83ee0,0x00000000c4300000)
 Metaspace       used 43047K, committed 43840K, reserved 1114112K
  class space    used 4486K, committed 4864K, reserved 1048576K
}
Event: 14.453 GC heap after
{Heap after GC invocations=15 (full 2):
 PSYoungGen      total 23040K, used 960K [0x00000000eab00000, 0x00000000ec600000, 0x0000000100000000)
  eden space 22016K, 0% used [0x00000000eab00000,0x00000000eab00000,0x00000000ec080000)
  from space 1024K, 93% used [0x00000000ec400000,0x00000000ec4f0000,0x00000000ec500000)
  to   space 1024K, 0% used [0x00000000ec500000,0x00000000ec500000,0x00000000ec600000)
 ParOldGen       total 68608K, used 15057K [0x00000000c0000000, 0x00000000c4300000, 0x00000000eab00000)
  object space 68608K, 21% used [0x00000000c0000000,0x00000000c0eb46c0,0x00000000c4300000)
 Metaspace       used 43047K, committed 43840K, reserved 1114112K
  class space    used 4486K, committed 4864K, reserved 1048576K
}
Event: 14.922 GC heap before
{Heap before GC invocations=16 (full 2):
 PSYoungGen      total 23040K, used 22976K [0x00000000eab00000, 0x00000000ec600000, 0x0000000100000000)
  eden space 22016K, 100% used [0x00000000eab00000,0x00000000ec080000,0x00000000ec080000)
  from space 1024K, 93% used [0x00000000ec400000,0x00000000ec4f0000,0x00000000ec500000)
  to   space 1024K, 0% used [0x00000000ec500000,0x00000000ec500000,0x00000000ec600000)
 ParOldGen       total 68608K, used 15057K [0x00000000c0000000, 0x00000000c4300000, 0x00000000eab00000)
  object space 68608K, 21% used [0x00000000c0000000,0x00000000c0eb46c0,0x00000000c4300000)
 Metaspace       used 46006K, committed 46848K, reserved 1114112K
  class space    used 4871K, committed 5248K, reserved 1048576K
}
Event: 14.927 GC heap after
{Heap after GC invocations=16 (full 2):
 PSYoungGen      total 23040K, used 1024K [0x00000000eab00000, 0x00000000ec600000, 0x0000000100000000)
  eden space 22016K, 0% used [0x00000000eab00000,0x00000000eab00000,0x00000000ec080000)
  from space 1024K, 100% used [0x00000000ec500000,0x00000000ec600000,0x00000000ec600000)
  to   space 2560K, 0% used [0x00000000ec100000,0x00000000ec100000,0x00000000ec380000)
 ParOldGen       total 68608K, used 15987K [0x00000000c0000000, 0x00000000c4300000, 0x00000000eab00000)
  object space 68608K, 23% used [0x00000000c0000000,0x00000000c0f9cc28,0x00000000c4300000)
 Metaspace       used 46006K, committed 46848K, reserved 1114112K
  class space    used 4871K, committed 5248K, reserved 1048576K
}
Event: 16.112 GC heap before
{Heap before GC invocations=17 (full 2):
 PSYoungGen      total 23040K, used 23040K [0x00000000eab00000, 0x00000000ec600000, 0x0000000100000000)
  eden space 22016K, 100% used [0x00000000eab00000,0x00000000ec080000,0x00000000ec080000)
  from space 1024K, 100% used [0x00000000ec500000,0x00000000ec600000,0x00000000ec600000)
  to   space 2560K, 0% used [0x00000000ec100000,0x00000000ec100000,0x00000000ec380000)
 ParOldGen       total 68608K, used 15987K [0x00000000c0000000, 0x00000000c4300000, 0x00000000eab00000)
  object space 68608K, 23% used [0x00000000c0000000,0x00000000c0f9cc28,0x00000000c4300000)
 Metaspace       used 48528K, committed 49408K, reserved 1114112K
  class space    used 5208K, committed 5632K, reserved 1048576K
}
Event: 16.115 GC heap after
{Heap after GC invocations=17 (full 2):
 PSYoungGen      total 24576K, used 1622K [0x00000000eab00000, 0x00000000ec580000, 0x0000000100000000)
  eden space 22016K, 0% used [0x00000000eab00000,0x00000000eab00000,0x00000000ec080000)
  from space 2560K, 63% used [0x00000000ec100000,0x00000000ec295998,0x00000000ec380000)
  to   space 2048K, 0% used [0x00000000ec380000,0x00000000ec380000,0x00000000ec580000)
 ParOldGen       total 68608K, used 17044K [0x00000000c0000000, 0x00000000c4300000, 0x00000000eab00000)
  object space 68608K, 24% used [0x00000000c0000000,0x00000000c10a5018,0x00000000c4300000)
 Metaspace       used 48528K, committed 49408K, reserved 1114112K
  class space    used 5208K, committed 5632K, reserved 1048576K
}
Event: 16.701 GC heap before
{Heap before GC invocations=18 (full 2):
 PSYoungGen      total 24576K, used 23637K [0x00000000eab00000, 0x00000000ec580000, 0x0000000100000000)
  eden space 22016K, 99% used [0x00000000eab00000,0x00000000ec07fad8,0x00000000ec080000)
  from space 2560K, 63% used [0x00000000ec100000,0x00000000ec295998,0x00000000ec380000)
  to   space 2048K, 0% used [0x00000000ec380000,0x00000000ec380000,0x00000000ec580000)
 ParOldGen       total 68608K, used 17044K [0x00000000c0000000, 0x00000000c4300000, 0x00000000eab00000)
  object space 68608K, 24% used [0x00000000c0000000,0x00000000c10a5018,0x00000000c4300000)
 Metaspace       used 50803K, committed 51712K, reserved 1114112K
  class space    used 5465K, committed 5888K, reserved 1048576K
}
Event: 16.705 GC heap after
{Heap after GC invocations=18 (full 2):
 PSYoungGen      total 23040K, used 2048K [0x00000000eab00000, 0x00000000ec880000, 0x0000000100000000)
  eden space 20992K, 0% used [0x00000000eab00000,0x00000000eab00000,0x00000000ebf80000)
  from space 2048K, 100% used [0x00000000ec380000,0x00000000ec580000,0x00000000ec580000)
  to   space 4096K, 0% used [0x00000000ebf80000,0x00000000ebf80000,0x00000000ec380000)
 ParOldGen       total 68608K, used 18538K [0x00000000c0000000, 0x00000000c4300000, 0x00000000eab00000)
  object space 68608K, 27% used [0x00000000c0000000,0x00000000c121abe0,0x00000000c4300000)
 Metaspace       used 50803K, committed 51712K, reserved 1114112K
  class space    used 5465K, committed 5888K, reserved 1048576K
}

