# JRE version: OpenJDK Runtime Environment Temurin-17.0.9+9 (17.0.9+9) (build 17.0.9+9)
# Java VM: OpenJDK 64-Bit Server VM Temurin-17.0.9+9 (17.0.9+9, mixed mode, tiered, compressed oops, compressed class ptrs, parallel gc, windows-amd64)
GC Precious Log:
 CPUs: 8 total, 8 available
 Memory: 7103M
 Large Page Support: Disabled
 NUMA Support: Disabled
 Compressed Oops: Enabled (32-bit)
 Alignments: Space 512K, Generation 512K, Heap 2M
 Heap Min Capacity: 100M
 Heap Initial Capacity: 100M
 Heap Max Capacity: 1G
 Pre-touch: Disabled
 Parallel Workers: 8
Heap:
 PSYoungGen      total 7168K, used 6215K [0x00000000eab00000, 0x00000000eb300000, 0x0000000100000000)
  eden space 5632K, 95% used [0x00000000eab00000,0x00000000eb045a00,0x00000000eb080000)
  from space 1536K, 53% used [0x00000000eb180000,0x00000000eb24c4e8,0x00000000eb300000)
  to   space 1024K, 0% used [0x00000000eb080000,0x00000000eb080000,0x00000000eb180000)
 ParOldGen       total 120832K, used 114355K [0x00000000c0000000, 0x00000000c7600000, 0x00000000eab00000)
  object space 120832K, 94% used [0x00000000c0000000,0x00000000c6facd40,0x00000000c7600000)
 Metaspace       used 61605K, committed 62656K, reserved 1114112K
  class space    used 6487K, committed 6976K, reserved 1048576K
GC Heap History (20 events):
Event: 21.352 GC heap after
{Heap after GC invocations=56 (full 5):
 PSYoungGen      total 10240K, used 3071K [0x00000000eab00000, 0x00000000ebb00000, 0x0000000100000000)
  eden space 7168K, 0% used [0x00000000eab00000,0x00000000eab00000,0x00000000eb200000)
  from space 3072K, 99% used [0x00000000eb600000,0x00000000eb8fff28,0x00000000eb900000)
  to   space 4096K, 0% used [0x00000000eb200000,0x00000000eb200000,0x00000000eb600000)
 ParOldGen       total 120832K, used 102316K [0x00000000c0000000, 0x00000000c7600000, 0x00000000eab00000)
  object space 120832K, 84% used [0x00000000c0000000,0x00000000c63eb1a8,0x00000000c7600000)
 Metaspace       used 60114K, committed 61120K, reserved 1114112K
  class space    used 6287K, committed 6720K, reserved 1048576K
}
Event: 21.591 GC heap before
{Heap before GC invocations=57 (full 5):
 PSYoungGen      total 10240K, used 10239K [0x00000000eab00000, 0x00000000ebb00000, 0x0000000100000000)
  eden space 7168K, 100% used [0x00000000eab00000,0x00000000eb200000,0x00000000eb200000)
  from space 3072K, 99% used [0x00000000eb600000,0x00000000eb8fff28,0x00000000eb900000)
  to   space 4096K, 0% used [0x00000000eb200000,0x00000000eb200000,0x00000000eb600000)
 ParOldGen       total 120832K, used 102316K [0x00000000c0000000, 0x00000000c7600000, 0x00000000eab00000)
  object space 120832K, 84% used [0x00000000c0000000,0x00000000c63eb1a8,0x00000000c7600000)
 Metaspace       used 60137K, committed 61120K, reserved 1114112K
  class space    used 6287K, committed 6720K, reserved 1048576K
}
Event: 21.596 GC heap after
{Heap after GC invocations=57 (full 5):
 PSYoungGen      total 9216K, used 1551K [0x00000000eab00000, 0x00000000eb700000, 0x0000000100000000)
  eden space 7168K, 0% used [0x00000000eab00000,0x00000000eab00000,0x00000000eb200000)
  from space 2048K, 75% used [0x00000000eb200000,0x00000000eb383ca8,0x00000000eb400000)
  to   space 2560K, 0% used [0x00000000eb480000,0x00000000eb480000,0x00000000eb700000)
 ParOldGen       total 120832K, used 105395K [0x00000000c0000000, 0x00000000c7600000, 0x00000000eab00000)
  object space 120832K, 87% used [0x00000000c0000000,0x00000000c66ecf40,0x00000000c7600000)
 Metaspace       used 60137K, committed 61120K, reserved 1114112K
  class space    used 6287K, committed 6720K, reserved 1048576K
}
Event: 21.808 GC heap before
{Heap before GC invocations=58 (full 5):
 PSYoungGen      total 9216K, used 8719K [0x00000000eab00000, 0x00000000eb700000, 0x0000000100000000)
  eden space 7168K, 100% used [0x00000000eab00000,0x00000000eb200000,0x00000000eb200000)
  from space 2048K, 75% used [0x00000000eb200000,0x00000000eb383ca8,0x00000000eb400000)
  to   space 2560K, 0% used [0x00000000eb480000,0x00000000eb480000,0x00000000eb700000)
 ParOldGen       total 120832K, used 105395K [0x00000000c0000000, 0x00000000c7600000, 0x00000000eab00000)
  object space 120832K, 87% used [0x00000000c0000000,0x00000000c66ecf40,0x00000000c7600000)
 Metaspace       used 60500K, committed 61504K, reserved 1114112K
  class space    used 6343K, committed 6784K, reserved 1048576K
}
Event: 21.811 GC heap after
{Heap after GC invocations=58 (full 5):
 PSYoungGen      total 9216K, used 2536K [0x00000000eab00000, 0x00000000eb800000, 0x0000000100000000)
  eden space 6656K, 0% used [0x00000000eab00000,0x00000000eab00000,0x00000000eb180000)
  from space 2560K, 99% used [0x00000000eb480000,0x00000000eb6fa1c0,0x00000000eb700000)
  to   space 3072K, 0% used [0x00000000eb180000,0x00000000eb180000,0x00000000eb480000)
 ParOldGen       total 120832K, used 105427K [0x00000000c0000000, 0x00000000c7600000, 0x00000000eab00000)
  object space 120832K, 87% used [0x00000000c0000000,0x00000000c66f4eb0,0x00000000c7600000)
 Metaspace       used 60500K, committed 61504K, reserved 1114112K
  class space    used 6343K, committed 6784K, reserved 1048576K
}
Event: 21.877 GC heap before
{Heap before GC invocations=59 (full 5):
 PSYoungGen      total 9216K, used 9192K [0x00000000eab00000, 0x00000000eb800000, 0x0000000100000000)
  eden space 6656K, 100% used [0x00000000eab00000,0x00000000eb180000,0x00000000eb180000)
  from space 2560K, 99% used [0x00000000eb480000,0x00000000eb6fa1c0,0x00000000eb700000)
  to   space 3072K, 0% used [0x00000000eb180000,0x00000000eb180000,0x00000000eb480000)
 ParOldGen       total 120832K, used 105427K [0x00000000c0000000, 0x00000000c7600000, 0x00000000eab00000)
  object space 120832K, 87% used [0x00000000c0000000,0x00000000c66f4eb0,0x00000000c7600000)
 Metaspace       used 60773K, committed 61760K, reserved 1114112K
  class space    used 6377K, committed 6848K, reserved 1048576K
}
Event: 21.881 GC heap after
{Heap after GC invocations=59 (full 5):
 PSYoungGen      total 8704K, used 1657K [0x00000000eab00000, 0x00000000eb580000, 0x0000000100000000)
  eden space 6656K, 0% used [0x00000000eab00000,0x00000000eab00000,0x00000000eb180000)
  from space 2048K, 80% used [0x00000000eb180000,0x00000000eb31e440,0x00000000eb380000)
  to   space 2048K, 0% used [0x00000000eb380000,0x00000000eb380000,0x00000000eb580000)
 ParOldGen       total 120832K, used 107743K [0x00000000c0000000, 0x00000000c7600000, 0x00000000eab00000)
  object space 120832K, 89% used [0x00000000c0000000,0x00000000c6937fc8,0x00000000c7600000)
 Metaspace       used 60773K, committed 61760K, reserved 1114112K
  class space    used 6377K, committed 6848K, reserved 1048576K
}
Event: 21.947 GC heap before
{Heap before GC invocations=60 (full 5):
 PSYoungGen      total 8704K, used 8313K [0x00000000eab00000, 0x00000000eb580000, 0x0000000100000000)
  eden space 6656K, 100% used [0x00000000eab00000,0x00000000eb180000,0x00000000eb180000)
  from space 2048K, 80% used [0x00000000eb180000,0x00000000eb31e440,0x00000000eb380000)
  to   space 2048K, 0% used [0x00000000eb380000,0x00000000eb380000,0x00000000eb580000)
 ParOldGen       total 120832K, used 107743K [0x00000000c0000000, 0x00000000c7600000, 0x00000000eab00000)
  object space 120832K, 89% used [0x00000000c0000000,0x00000000c6937fc8,0x00000000c7600000)
 Metaspace       used 60936K, committed 61888K, reserved 1114112K
  class space    used 6405K, committed 6848K, reserved 1048576K
}
Event: 21.950 GC heap after
{Heap after GC invocations=60 (full 5):
 PSYoungGen      total 7168K, used 2038K [0x00000000eab00000, 0x00000000eb880000, 0x0000000100000000)
  eden space 5120K, 0% used [0x00000000eab00000,0x00000000eab00000,0x00000000eb000000)
  from space 2048K, 99% used [0x00000000eb380000,0x00000000eb57d938,0x00000000eb580000)
  to   space 3584K, 0% used [0x00000000eb000000,0x00000000eb000000,0x00000000eb380000)
 ParOldGen       total 120832K, used 108630K [0x00000000c0000000, 0x00000000c7600000, 0x00000000eab00000)
  object space 120832K, 89% used [0x00000000c0000000,0x00000000c6a15998,0x00000000c7600000)
 Metaspace       used 60936K, committed 61888K, reserved 1114112K
  class space    used 6405K, committed 6848K, reserved 1048576K
}
Event: 22.014 GC heap before
{Heap before GC invocations=61 (full 5):
 PSYoungGen      total 7168K, used 7140K [0x00000000eab00000, 0x00000000eb880000, 0x0000000100000000)
  eden space 5120K, 99% used [0x00000000eab00000,0x00000000eaffb9e0,0x00000000eb000000)
  from space 2048K, 99% used [0x00000000eb380000,0x00000000eb57d938,0x00000000eb580000)
  to   space 3584K, 0% used [0x00000000eb000000,0x00000000eb000000,0x00000000eb380000)
 ParOldGen       total 120832K, used 108630K [0x00000000c0000000, 0x00000000c7600000, 0x00000000eab00000)
  object space 120832K, 89% used [0x00000000c0000000,0x00000000c6a15998,0x00000000c7600000)
 Metaspace       used 61057K, committed 62016K, reserved 1114112K
  class space    used 6416K, committed 6848K, reserved 1048576K
}
Event: 22.024 GC heap after
{Heap after GC invocations=61 (full 5):
 PSYoungGen      total 6144K, used 779K [0x00000000eab00000, 0x00000000eb400000, 0x0000000100000000)
  eden space 5120K, 0% used [0x00000000eab00000,0x00000000eab00000,0x00000000eb000000)
  from space 1024K, 76% used [0x00000000eb000000,0x00000000eb0c2cf8,0x00000000eb100000)
  to   space 2048K, 0% used [0x00000000eb200000,0x00000000eb200000,0x00000000eb400000)
 ParOldGen       total 120832K, used 110688K [0x00000000c0000000, 0x00000000c7600000, 0x00000000eab00000)
  object space 120832K, 91% used [0x00000000c0000000,0x00000000c6c18178,0x00000000c7600000)
 Metaspace       used 61057K, committed 62016K, reserved 1114112K
  class space    used 6416K, committed 6848K, reserved 1048576K
}
Event: 22.078 GC heap before
{Heap before GC invocations=62 (full 5):
 PSYoungGen      total 6144K, used 5899K [0x00000000eab00000, 0x00000000eb400000, 0x0000000100000000)
  eden space 5120K, 100% used [0x00000000eab00000,0x00000000eb000000,0x00000000eb000000)
  from space 1024K, 76% used [0x00000000eb000000,0x00000000eb0c2cf8,0x00000000eb100000)
  to   space 2048K, 0% used [0x00000000eb200000,0x00000000eb200000,0x00000000eb400000)
 ParOldGen       total 120832K, used 110688K [0x00000000c0000000, 0x00000000c7600000, 0x00000000eab00000)
  object space 120832K, 91% used [0x00000000c0000000,0x00000000c6c18178,0x00000000c7600000)
 Metaspace       used 61340K, committed 62336K, reserved 1114112K
  class space    used 6457K, committed 6912K, reserved 1048576K
}
Event: 22.083 GC heap after
{Heap after GC invocations=62 (full 5):
 PSYoungGen      total 7168K, used 1641K [0x00000000eab00000, 0x00000000eb400000, 0x0000000100000000)
  eden space 5120K, 0% used [0x00000000eab00000,0x00000000eab00000,0x00000000eb000000)
  from space 2048K, 80% used [0x00000000eb200000,0x00000000eb39a620,0x00000000eb400000)
  to   space 2048K, 0% used [0x00000000eb000000,0x00000000eb000000,0x00000000eb200000)
 ParOldGen       total 120832K, used 110696K [0x00000000c0000000, 0x00000000c7600000, 0x00000000eab00000)
  object space 120832K, 91% used [0x00000000c0000000,0x00000000c6c1a178,0x00000000c7600000)
 Metaspace       used 61340K, committed 62336K, reserved 1114112K
  class space    used 6457K, committed 6912K, reserved 1048576K
}
Event: 22.159 GC heap before
{Heap before GC invocations=63 (full 5):
 PSYoungGen      total 7168K, used 6761K [0x00000000eab00000, 0x00000000eb400000, 0x0000000100000000)
  eden space 5120K, 100% used [0x00000000eab00000,0x00000000eb000000,0x00000000eb000000)
  from space 2048K, 80% used [0x00000000eb200000,0x00000000eb39a620,0x00000000eb400000)
  to   space 2048K, 0% used [0x00000000eb000000,0x00000000eb000000,0x00000000eb200000)
 ParOldGen       total 120832K, used 110696K [0x00000000c0000000, 0x00000000c7600000, 0x00000000eab00000)
  object space 120832K, 91% used [0x00000000c0000000,0x00000000c6c1a178,0x00000000c7600000)
 Metaspace       used 61595K, committed 62656K, reserved 1114112K
  class space    used 6487K, committed 6976K, reserved 1048576K
}
Event: 22.163 GC heap after
{Heap after GC invocations=63 (full 5):
 PSYoungGen      total 7168K, used 2020K [0x00000000eab00000, 0x00000000eb500000, 0x0000000100000000)
  eden space 5120K, 0% used [0x00000000eab00000,0x00000000eab00000,0x00000000eb000000)
  from space 2048K, 98% used [0x00000000eb000000,0x00000000eb1f91e8,0x00000000eb200000)
  to   space 2560K, 0% used [0x00000000eb280000,0x00000000eb280000,0x00000000eb500000)
 ParOldGen       total 120832K, used 110952K [0x00000000c0000000, 0x00000000c7600000, 0x00000000eab00000)
  object space 120832K, 91% used [0x00000000c0000000,0x00000000c6c5a178,0x00000000c7600000)
 Metaspace       used 61595K, committed 62656K, reserved 1114112K
  class space    used 6487K, committed 6976K, reserved 1048576K
}
Event: 22.175 GC heap before
{Heap before GC invocations=64 (full 5):
 PSYoungGen      total 7168K, used 7140K [0x00000000eab00000, 0x00000000eb500000, 0x0000000100000000)
  eden space 5120K, 100% used [0x00000000eab00000,0x00000000eb000000,0x00000000eb000000)
  from space 2048K, 98% used [0x00000000eb000000,0x00000000eb1f91e8,0x00000000eb200000)
  to   space 2560K, 0% used [0x00000000eb280000,0x00000000eb280000,0x00000000eb500000)
 ParOldGen       total 120832K, used 110952K [0x00000000c0000000, 0x00000000c7600000, 0x00000000eab00000)
  object space 120832K, 91% used [0x00000000c0000000,0x00000000c6c5a178,0x00000000c7600000)
 Metaspace       used 61599K, committed 62656K, reserved 1114112K
  class space    used 6487K, committed 6976K, reserved 1048576K
}
Event: 22.178 GC heap after
{Heap after GC invocations=64 (full 5):
 PSYoungGen      total 6656K, used 1411K [0x00000000eab00000, 0x00000000eb400000, 0x0000000100000000)
  eden space 5120K, 0% used [0x00000000eab00000,0x00000000eab00000,0x00000000eb000000)
  from space 1536K, 91% used [0x00000000eb280000,0x00000000eb3e0fb8,0x00000000eb400000)
  to   space 2048K, 0% used [0x00000000eb000000,0x00000000eb000000,0x00000000eb200000)
 ParOldGen       total 120832K, used 112321K [0x00000000c0000000, 0x00000000c7600000, 0x00000000eab00000)
  object space 120832K, 92% used [0x00000000c0000000,0x00000000c6db04c8,0x00000000c7600000)
 Metaspace       used 61599K, committed 62656K, reserved 1114112K
  class space    used 6487K, committed 6976K, reserved 1048576K
}
Event: 22.190 GC heap before
{Heap before GC invocations=65 (full 5):
 PSYoungGen      total 6656K, used 6531K [0x00000000eab00000, 0x00000000eb400000, 0x0000000100000000)
  eden space 5120K, 100% used [0x00000000eab00000,0x00000000eb000000,0x00000000eb000000)
  from space 1536K, 91% used [0x00000000eb280000,0x00000000eb3e0fb8,0x00000000eb400000)
  to   space 2048K, 0% used [0x00000000eb000000,0x00000000eb000000,0x00000000eb200000)
 ParOldGen       total 120832K, used 112321K [0x00000000c0000000, 0x00000000c7600000, 0x00000000eab00000)
  object space 120832K, 92% used [0x00000000c0000000,0x00000000c6db04c8,0x00000000c7600000)
 Metaspace       used 61599K, committed 62656K, reserved 1114112K
  class space    used 6487K, committed 6976K, reserved 1048576K
}
Event: 22.193 GC heap after
{Heap after GC invocations=65 (full 5):
 PSYoungGen      total 6144K, used 784K [0x00000000eab00000, 0x00000000eb300000, 0x0000000100000000)
  eden space 5120K, 0% used [0x00000000eab00000,0x00000000eab00000,0x00000000eb000000)
  from space 1024K, 76% used [0x00000000eb000000,0x00000000eb0c43b8,0x00000000eb100000)
  to   space 1536K, 0% used [0x00000000eb180000,0x00000000eb180000,0x00000000eb300000)
 ParOldGen       total 120832K, used 113656K [0x00000000c0000000, 0x00000000c7600000, 0x00000000eab00000)
  object space 120832K, 94% used [0x00000000c0000000,0x00000000c6efe3b8,0x00000000c7600000)
 Metaspace       used 61599K, committed 62656K, reserved 1114112K
  class space    used 6487K, committed 6976K, reserved 1048576K
}
Event: 22.229 GC heap before
{Heap before GC invocations=66 (full 5):
 PSYoungGen      total 6144K, used 5904K [0x00000000eab00000, 0x00000000eb300000, 0x0000000100000000)
  eden space 5120K, 100% used [0x00000000eab00000,0x00000000eb000000,0x00000000eb000000)
  from space 1024K, 76% used [0x00000000eb000000,0x00000000eb0c43b8,0x00000000eb100000)
  to   space 1536K, 0% used [0x00000000eb180000,0x00000000eb180000,0x00000000eb300000)
 ParOldGen       total 120832K, used 113656K [0x00000000c0000000, 0x00000000c7600000, 0x00000000eab00000)
  object space 120832K, 94% used [0x00000000c0000000,0x00000000c6efe3b8,0x00000000c7600000)
 Metaspace       used 61605K, committed 62656K, reserved 1114112K
  class space    used 6487K, committed 6976K, reserved 1048576K
}

